<?xml version="1.0" encoding="UTF-8"?>
<testng-results skipped="0" failed="0" ignored="0" total="1" passed="1">
  <reporter-output>
  </reporter-output>
  <suite name="Default suite" duration-ms="13886" started-at="2018-10-03T16:04:26Z" finished-at="2018-10-03T16:04:40Z">
    <groups>
    </groups>
    <test name="Default test" duration-ms="13886" started-at="2018-10-03T16:04:26Z" finished-at="2018-10-03T16:04:40Z">
      <class name="Jenkins.JenkinsClass">
        <test-method status="PASS" signature="Login()[pri:0, instance:Jenkins.JenkinsClass@3c130745]" name="Login" duration-ms="13778" started-at="2018-10-03T16:04:27Z" finished-at="2018-10-03T16:04:40Z">
          <reporter-output>
          </reporter-output>
        </test-method> <!-- Login -->
      </class> <!-- Jenkins.JenkinsClass -->
    </test> <!-- Default test -->
  </suite> <!-- Default suite -->
</testng-results>
